<<<<<<< HEAD
{"message":" Command added","level":["info"],"Date":"10/2/2021 12:20:18"}
{"message":"Command added","level":["info"],"Date":"10/2/2021 12:25:37"}
{"message":"Command added","level":["info"],"Date":"10/2/2021 12:26:35"}
{"message":"Command added","level":["info"],"Date":"10/2/2021 12:27:53"}
{"message":"Command added","level":["info"],"Date":"10/2/2021 14:3:42"}
{"message":"Command added","level":["info"],"Date":"10/2/2021 14:3:42"}
=======
{"message":" Command added","level":["info"],"Date":"9/2/2021 20:30:1"}
{"message":" Command added","level":["info"],"Date":"9/2/2021 20:30:1"}
{"message":"commands validation failed: idTable: Path `idTable` is required.","level":["info"],"Date":"10/2/2021 0:14:46"}
{"message":" Command added","level":["info"],"Date":"10/2/2021 0:14:46"}
{"message":" Command added","level":["info"],"Date":"10/2/2021 0:14:46"}
{"message":" Command found","level":["info"],"Date":"10/2/2021 2:48:0"}
{"message":" Command found","level":["info"],"Date":"10/2/2021 2:48:5"}
{"message":" Command found","level":["info"],"Date":"10/2/2021 2:48:41"}
{"message":" Command found","level":["info"],"Date":"10/2/2021 2:48:44"}
{"message":" Command found","level":["info"],"Date":"10/2/2021 2:48:49"}
{"message":" Command found","level":["info"],"Date":"10/2/2021 2:49:6"}
{"message":" Command found","level":["info"],"Date":"10/2/2021 2:49:12"}
{"message":" Command found","level":["info"],"Date":"10/2/2021 2:49:16"}
{"message":" Command found","level":["info"],"Date":"10/2/2021 2:49:22"}
{"message":" Command found","level":["info"],"Date":"10/2/2021 2:49:32"}
{"message":" Command found","level":["info"],"Date":"10/2/2021 2:49:36"}
{"message":" Command found","level":["info"],"Date":"10/2/2021 2:50:25"}
{"message":" Command found","level":["info"],"Date":"10/2/2021 2:50:29"}
{"message":" Command found","level":["info"],"Date":"10/2/2021 2:50:32"}
{"message":" Command found","level":["info"],"Date":"10/2/2021 2:52:50"}
{"message":" Command found","level":["info"],"Date":"10/2/2021 2:54:53"}
{"message":" Command found","level":["info"],"Date":"10/2/2021 2:55:18"}
{"message":" Command found","level":["info"],"Date":"10/2/2021 2:55:21"}
{"message":" Command found","level":["info"],"Date":"10/2/2021 2:56:17"}
{"message":" Command found","level":["info"],"Date":"10/2/2021 2:56:23"}
{"message":" Command found","level":["info"],"Date":"10/2/2021 2:56:31"}
{"message":" Command found","level":["info"],"Date":"10/2/2021 2:56:39"}
{"message":" Command found","level":["info"],"Date":"10/2/2021 2:56:47"}
{"message":" Command found","level":["info"],"Date":"10/2/2021 2:57:5"}
{"message":" Command found","level":["info"],"Date":"10/2/2021 2:57:21"}
{"message":" Command found","level":["info"],"Date":"10/2/2021 2:57:40"}
{"message":" Command found","level":["info"],"Date":"10/2/2021 2:57:52"}
{"message":" Command found","level":["info"],"Date":"10/2/2021 2:57:57"}
{"message":" Command found","level":["info"],"Date":"10/2/2021 2:58:20"}
{"message":" Command found","level":["info"],"Date":"10/2/2021 2:58:27"}
{"message":" Command found","level":["info"],"Date":"10/2/2021 2:58:31"}
{"message":" Command found","level":["info"],"Date":"10/2/2021 2:58:38"}
{"message":" Command found","level":["info"],"Date":"10/2/2021 2:58:44"}
{"message":" Command found","level":["info"],"Date":"10/2/2021 2:58:47"}
{"message":" Command found","level":["info"],"Date":"10/2/2021 2:58:54"}
{"message":" Command found","level":["info"],"Date":"10/2/2021 2:58:57"}
{"message":" Command found","level":["info"],"Date":"10/2/2021 2:59:0"}
{"message":" Command found","level":["info"],"Date":"10/2/2021 2:59:6"}
{"message":" Command found","level":["info"],"Date":"10/2/2021 2:59:29"}
{"message":" Command found","level":["info"],"Date":"10/2/2021 2:59:49"}
{"message":" Command found","level":["info"],"Date":"10/2/2021 2:59:51"}
{"message":" Command found","level":["info"],"Date":"10/2/2021 2:59:55"}
{"message":" Command found","level":["info"],"Date":"10/2/2021 3:0:6"}
{"message":" Command found","level":["info"],"Date":"10/2/2021 3:0:12"}
{"message":" Command found","level":["info"],"Date":"10/2/2021 3:0:15"}
{"message":" Command found","level":["info"],"Date":"10/2/2021 3:0:19"}
{"message":" Command found","level":["info"],"Date":"10/2/2021 3:0:25"}
{"message":" Command found","level":["info"],"Date":"10/2/2021 3:0:29"}
{"message":" Command found","level":["info"],"Date":"10/2/2021 3:0:51"}
{"message":" Command found","level":["info"],"Date":"10/2/2021 3:0:53"}
{"message":" Command found","level":["info"],"Date":"10/2/2021 3:0:59"}
{"message":" Command found","level":["info"],"Date":"10/2/2021 3:0:59"}
{"message":" Command found","level":["info"],"Date":"10/2/2021 3:0:59"}
{"message":" Command found","level":["info"],"Date":"10/2/2021 3:0:59"}
{"message":" Command found","level":["info"],"Date":"10/2/2021 3:0:59"}
{"message":" Command found","level":["info"],"Date":"10/2/2021 3:0:59"}
{"message":" Command found","level":["info"],"Date":"10/2/2021 3:0:59"}
{"message":" Command found","level":["info"],"Date":"10/2/2021 3:0:59"}
{"message":" Command found","level":["info"],"Date":"10/2/2021 3:0:59"}
{"message":" Command found","level":["info"],"Date":"10/2/2021 3:0:59"}
{"message":" Command found","level":["info"],"Date":"10/2/2021 3:0:59"}
{"message":" Command found","level":["info"],"Date":"10/2/2021 3:0:59"}
{"message":" Command found","level":["info"],"Date":"10/2/2021 3:0:59"}
{"message":" Command found","level":["info"],"Date":"10/2/2021 3:0:59"}
{"message":" Command found","level":["info"],"Date":"10/2/2021 3:0:59"}
{"message":" Command found","level":["info"],"Date":"10/2/2021 3:0:59"}
{"message":" Command found","level":["info"],"Date":"10/2/2021 3:0:59"}
{"message":" Command found","level":["info"],"Date":"10/2/2021 3:0:59"}
{"message":" Command found","level":["info"],"Date":"10/2/2021 3:5:11"}
{"message":" Command found","level":["info"],"Date":"10/2/2021 3:5:14"}
{"message":" Command found","level":["info"],"Date":"10/2/2021 3:5:19"}
{"message":" Command found","level":["info"],"Date":"10/2/2021 3:5:29"}
{"message":" Command found","level":["info"],"Date":"10/2/2021 3:5:38"}
{"message":" Command found","level":["info"],"Date":"10/2/2021 3:5:40"}
{"message":" Command found","level":["info"],"Date":"10/2/2021 3:5:48"}
{"message":" Command found","level":["info"],"Date":"10/2/2021 3:5:56"}
{"message":" Command found","level":["info"],"Date":"10/2/2021 3:6:2"}
{"message":" Command found","level":["info"],"Date":"10/2/2021 3:6:7"}
{"message":" Command found","level":["info"],"Date":"10/2/2021 3:6:12"}
{"message":" Command found","level":["info"],"Date":"10/2/2021 3:6:16"}
{"message":" Command found","level":["info"],"Date":"10/2/2021 3:6:23"}
{"message":" Command found","level":["info"],"Date":"10/2/2021 3:6:31"}
{"message":" Command found","level":["info"],"Date":"10/2/2021 3:6:37"}
{"message":" Command found","level":["info"],"Date":"10/2/2021 3:6:40"}
{"message":" Command found","level":["info"],"Date":"10/2/2021 3:6:45"}
{"message":" Command found","level":["info"],"Date":"10/2/2021 3:6:51"}
{"message":" Command found","level":["info"],"Date":"10/2/2021 3:6:56"}
{"message":" Command found","level":["info"],"Date":"10/2/2021 3:7:2"}
{"message":" Command found","level":["info"],"Date":"10/2/2021 3:7:4"}
{"message":" Command found","level":["info"],"Date":"10/2/2021 3:7:4"}
{"message":" Command found","level":["info"],"Date":"10/2/2021 3:7:4"}
{"message":" Command found","level":["info"],"Date":"10/2/2021 3:7:36"}
{"message":" Command found","level":["info"],"Date":"10/2/2021 3:7:57"}
{"message":" Command found","level":["info"],"Date":"10/2/2021 3:8:3"}
{"message":" Command found","level":["info"],"Date":"10/2/2021 3:8:7"}
{"message":" Command found","level":["info"],"Date":"10/2/2021 3:8:7"}
{"message":" Command found","level":["info"],"Date":"10/2/2021 3:8:7"}
{"message":" Command found","level":["info"],"Date":"10/2/2021 3:15:48"}
{"message":" Command found","level":["info"],"Date":"10/2/2021 3:15:48"}
{"message":" Command found","level":["info"],"Date":"10/2/2021 3:15:48"}
{"message":" Command found","level":["info"],"Date":"10/2/2021 3:15:48"}
{"message":" Command found","level":["info"],"Date":"10/2/2021 3:33:24"}
{"message":" Command found","level":["info"],"Date":"10/2/2021 3:33:28"}
{"message":" Command found","level":["info"],"Date":"10/2/2021 3:33:32"}
{"message":" Command found","level":["info"],"Date":"10/2/2021 3:33:41"}
{"message":" Command found","level":["info"],"Date":"10/2/2021 3:33:43"}
{"message":" Command found","level":["info"],"Date":"10/2/2021 3:33:48"}
{"message":" Command found","level":["info"],"Date":"10/2/2021 3:33:54"}
{"message":" Command found","level":["info"],"Date":"10/2/2021 3:33:57"}
{"message":" Command found","level":["info"],"Date":"10/2/2021 4:15:59"}
{"message":" Command found","level":["info"],"Date":"10/2/2021 10:22:22"}
{"message":" Command found","level":["info"],"Date":"10/2/2021 11:20:40"}
{"message":" Command found","level":["info"],"Date":"10/2/2021 14:16:57"}
{"message":" Command found","level":["info"],"Date":"10/2/2021 14:16:57"}
{"message":" Command found","level":["info"],"Date":"10/2/2021 14:16:57"}
{"message":" Command added","level":["info"],"Date":"10/2/2021 14:16:57"}
{"message":" Command added","level":["info"],"Date":"10/2/2021 14:23:40"}
{"message":" Command added","level":["info"],"Date":"10/2/2021 14:23:40"}
{"message":" Command added","level":["info"],"Date":"10/2/2021 14:23:40"}
{"message":" Command added","level":["info"],"Date":"10/2/2021 14:23:40"}
{"message":" Command found","level":["info"],"Date":"10/2/2021 14:33:3"}
{"message":" Command found","level":["info"],"Date":"10/2/2021 14:34:6"}
{"message":" Command found","level":["info"],"Date":"10/2/2021 14:35:17"}
{"message":" Command found","level":["info"],"Date":"10/2/2021 14:38:6"}
{"message":" Command found","level":["info"],"Date":"10/2/2021 14:39:6"}
{"message":" Command found","level":["info"],"Date":"10/2/2021 14:40:8"}
{"message":" Command found","level":["info"],"Date":"10/2/2021 14:43:32"}
{"message":" Command found","level":["info"],"Date":"10/2/2021 14:44:17"}
{"message":" Command found","level":["info"],"Date":"10/2/2021 14:49:28"}
{"message":" Command found","level":["info"],"Date":"10/2/2021 14:50:55"}
{"message":" Command found","level":["info"],"Date":"10/2/2021 14:51:24"}
{"message":" Command found","level":["info"],"Date":"10/2/2021 14:52:56"}
{"message":" Command found","level":["info"],"Date":"10/2/2021 14:53:24"}
{"message":" Command found","level":["info"],"Date":"10/2/2021 14:59:34"}
{"message":" Command found","level":["info"],"Date":"10/2/2021 15:1:26"}
{"message":" Command found","level":["info"],"Date":"10/2/2021 15:2:59"}
{"message":" Command found","level":["info"],"Date":"10/2/2021 15:4:42"}
{"message":" Command found","level":["info"],"Date":"10/2/2021 15:4:56"}
{"message":" Command found","level":["info"],"Date":"10/2/2021 15:5:13"}
{"message":" Command found","level":["info"],"Date":"10/2/2021 15:5:37"}
{"message":" Command found","level":["info"],"Date":"10/2/2021 15:6:20"}
{"message":" Command found","level":["info"],"Date":"10/2/2021 15:7:30"}
{"message":" Command found","level":["info"],"Date":"10/2/2021 15:7:50"}
{"message":" Command found","level":["info"],"Date":"10/2/2021 15:8:37"}
{"message":" Command found","level":["info"],"Date":"10/2/2021 15:9:29"}
{"message":" Command found","level":["info"],"Date":"10/2/2021 15:9:44"}
{"message":" Command found","level":["info"],"Date":"10/2/2021 15:14:8"}
{"message":" Command found","level":["info"],"Date":"10/2/2021 15:14:8"}
{"message":" Command found","level":["info"],"Date":"10/2/2021 15:14:8"}
{"message":" Command found","level":["info"],"Date":"10/2/2021 15:14:8"}
{"message":" Command found","level":["info"],"Date":"10/2/2021 18:10:38"}
{"message":" Command found","level":["info"],"Date":"10/2/2021 18:10:38"}
{"message":" Command found","level":["info"],"Date":"10/2/2021 18:13:14"}
{"message":" Command found","level":["info"],"Date":"10/2/2021 18:13:14"}
{"message":" Command found","level":["info"],"Date":"10/2/2021 18:16:53"}
{"message":" Command found","level":["info"],"Date":"10/2/2021 18:18:7"}
{"message":" Command found","level":["info"],"Date":"10/2/2021 18:18:26"}
{"message":" Command found","level":["info"],"Date":"10/2/2021 18:19:14"}
{"message":" Command found","level":["info"],"Date":"10/2/2021 18:19:14"}
{"message":" Command found","level":["info"],"Date":"10/2/2021 18:19:14"}
{"message":" Command found","level":["info"],"Date":"10/2/2021 18:19:14"}
{"message":" Command found","level":["info"],"Date":"10/2/2021 18:19:14"}
{"message":" Command found","level":["info"],"Date":"10/2/2021 18:19:14"}
{"message":" Command found","level":["info"],"Date":"10/2/2021 18:19:14"}
{"message":" Command found","level":["info"],"Date":"10/2/2021 18:19:14"}
{"message":" Command found","level":["info"],"Date":"10/2/2021 18:19:14"}
{"message":" Command found","level":["info"],"Date":"10/2/2021 18:19:14"}
{"message":" Command found","level":["info"],"Date":"10/2/2021 18:19:14"}
{"message":" Command found","level":["info"],"Date":"10/2/2021 18:19:14"}
{"message":" Command found","level":["info"],"Date":"10/2/2021 18:19:14"}
{"message":" Command found","level":["info"],"Date":"10/2/2021 18:19:14"}
{"message":" Command found","level":["info"],"Date":"10/2/2021 18:19:14"}
{"message":" Command found","level":["info"],"Date":"10/2/2021 18:19:14"}
{"message":" Command found","level":["info"],"Date":"10/2/2021 18:25:7"}
{"message":" Command found","level":["info"],"Date":"10/2/2021 18:25:25"}
{"message":" Command found","level":["info"],"Date":"10/2/2021 18:25:29"}
{"message":" Command found","level":["info"],"Date":"10/2/2021 18:25:29"}
{"message":" Command found","level":["info"],"Date":"10/2/2021 18:25:29"}
{"message":" Command found","level":["info"],"Date":"10/2/2021 18:26:36"}
{"message":" Command found","level":["info"],"Date":"10/2/2021 18:27:8"}
{"message":" Command found","level":["info"],"Date":"10/2/2021 18:27:12"}
{"message":" Command found","level":["info"],"Date":"10/2/2021 18:27:42"}
{"message":" Command found","level":["info"],"Date":"10/2/2021 18:27:42"}
{"message":" Command found","level":["info"],"Date":"10/2/2021 18:28:11"}
{"message":" Command found","level":["info"],"Date":"10/2/2021 18:28:15"}
{"message":" Command found","level":["info"],"Date":"10/2/2021 18:28:20"}
{"message":" Command found","level":["info"],"Date":"10/2/2021 18:28:28"}
{"message":" Command found","level":["info"],"Date":"10/2/2021 18:28:35"}
{"message":" Command found","level":["info"],"Date":"10/2/2021 18:28:38"}
{"message":" Command found","level":["info"],"Date":"10/2/2021 18:28:42"}
<<<<<<< HEAD
{"message":" Command found","level":["info"],"Date":"10/2/2021 20:50:9"}
=======
>>>>>>> 274cdfd20481742e2e618c8d61d5448c36e4ce77
{"message":"Command added","level":["info"],"Date":"10/2/2021 20:46:12"}
{"message":"Command added","level":["info"],"Date":"10/2/2021 22:27:31"}
{"message":"Command added","level":["info"],"Date":"10/2/2021 22:27:31"}
{"message":"Command added","level":["info"],"Date":"10/2/2021 22:27:31"}
{"message":"Command added","level":["info"],"Date":"10/2/2021 22:27:31"}
{"message":"Command added","level":["info"],"Date":"10/2/2021 22:27:31"}
{"message":"Command added","level":["info"],"Date":"10/2/2021 22:27:31"}
{"message":"Command added","level":["info"],"Date":"10/2/2021 22:27:31"}
{"message":"Command added","level":["info"],"Date":"10/2/2021 22:27:31"}
{"message":"Command added","level":["info"],"Date":"10/2/2021 22:27:31"}
>>>>>>> 59215ab6d9b2ee4ca3e0c62b703713f914bfe456
{"message":"Command added","level":["info"],"Date":"10/2/2021 23:27:40"}
{"message":"Command added","level":["info"],"Date":"10/2/2021 23:27:40"}
{"message":"Command added","level":["info"],"Date":"10/2/2021 23:27:40"}
{"message":"Command added","level":["info"],"Date":"10/2/2021 23:47:35"}
